{'analysis': True,
 'analysis_duration': None,
 'angles': (0, 90, 180, 225, 315),
 'backlight': True,
 'beam_position_horizontal': 611.0,
 'beam_position_vertical': 512.0,
 'calibration': array([0.00095009, 0.00095009]),
 'cameras': ['sample_view', 'goniometer', 'cam14_quad'],
 'clean_duration': None,
 'conclusion': None,
 'conclusion_duration': None,
 'default_background': False,
 'description': 'Optical alignment, Proxima 2A, SOLEIL, Tue Sep 30 17:20:58 '
                '2025',
 'diagnostic': None,
 'directory': '/nfs/data4/2025_Run4/com-proxima2a/Commissioning/automated_operation/PX2_0049/pos7_explore/opti_3',
 'display': None,
 'duration': None,
 'end_clean_time': None,
 'end_prepare_time': 1759245666.8047287,
 'end_run_time': 1759245672.552791,
 'end_time': None,
 'extreme': None,
 'film_step': -120.0,
 'frontlight': None,
 'generate_report': False,
 'horizontal_clicks': [],
 'kappa': 0.0,
 'md_task_info': [['Scan',
                   '8',
                   '2025-09-30 17:21:06.359',
                   '2025-09-30 17:21:11.852',
                   'org.embl.dev.pmac.PmacDiagnosticInfo@294e5706',
                   'null',
                   '1']],
 'mounted_sample': (8, 7),
 'mxcube_gparent_id': None,
 'mxcube_parent_id': None,
 'n_angles': 24,
 'name_pattern': 'zoom_X_careful',
 'omega_clicks': [],
 'phi': 0.0,
 'position': {'AlignmentX': 0.0,
              'AlignmentY': -1.18069,
              'AlignmentZ': 0.00154,
              'CentringX': 0.09711,
              'CentringY': 0.23789,
              'Kappa': 0.0,
              'Omega': 35.05383,
              'Phi': 0.0},
 'prefix': 'zoom_X_careful',
 'prepare_duration': 6.940942049026489,
 'run_duration': 17.158987283706665,
 'run_number': None,
 'sample_seen': True,
 'save_history': None,
 'save_raw_background': False,
 'scan_exposure_time': 3.6,
 'scan_range': 360.0,
 'simulation': None,
 'snapshot': None,
 'start_clean_time': 1759245683.9638748,
 'start_prepare_time': 1759245659.8637867,
 'start_run_time': 1759245666.8048017,
 'start_time': 1759245659.8637786,
 'timestamp': 1759245658.9279604,
 'user_id': 100161,
 'verbose': False,
 'vertical_clicks': [],
 'zoom': 4}